
**** Build of configuration FlashROM_Library for project ble5_simple_peripheral_cc2640r2lp_stack_library ****

"C:\\ti\\ccsv7\\utils\\bin\\gmake" -k -j 4 all -O 
C:/ti/simplelink_cc2640r2_sdk_1_40_00_45/source/ti/ble5stack/../../../tools/ble5stack/lib_search/lib_search         C:/Users/Shirzad/Documents/Shirzad/Work/PC_BUZZER/FW/SaBLE_x_R2/X1/ble5_simple_peripheral_cc2640r2lp_stack_library/TOOLS/build_config.opt         C:/ti/simplelink_cc2640r2_sdk_1_40_00_45/source/ti/ble5stack/blelib         C:/Users/Shirzad/Documents/Shirzad/Work/PC_BUZZER/FW/SaBLE_x_R2/X1/ble5_simple_peripheral_cc2640r2lp_stack_library/FlashROM_Library/lib_linker.cmd         cc2640         C:/ti/simplelink_cc2640r2_sdk_1_40_00_45/source/ti/ble5stack/../../../tools/ble5stack/lib_search/lib_search.xml         C:/ti/simplelink_cc2640r2_sdk_1_40_00_45/source/ti/ble5stack/symbols
<<< Using library: C:\ti\simplelink_cc2640r2_sdk_1_40_00_45\source\ti\ble5stack\blelib\ctrl\cc2640_hci_pxxx.a >>>
<<< Using library: C:\ti\simplelink_cc2640r2_sdk_1_40_00_45\source\ti\ble5stack\blelib\ctrl\cc2640_ll_pxxx.a >>>
<<< Using library: C:\ti\simplelink_cc2640r2_sdk_1_40_00_45\source\ti\ble5stack\blelib\hci_tl\cc26xx_hci_tl_none.a >>>
<<< Using library: C:\ti\simplelink_cc2640r2_sdk_1_40_00_45\source\ti\ble5stack\blelib\host\cc26xx_att_pxxx.a >>>
<<< Using library: C:\ti\simplelink_cc2640r2_sdk_1_40_00_45\source\ti\ble5stack\blelib\host\cc26xx_gap_pxxx.a >>>
<<< Using library: C:\ti\simplelink_cc2640r2_sdk_1_40_00_45\source\ti\ble5stack\blelib\host\cc26xx_gatt_pxxx.a >>>
<<< Using library: C:\ti\simplelink_cc2640r2_sdk_1_40_00_45\source\ti\ble5stack\blelib\host\cc26xx_l2cap_pxxx.a >>>
<<< Using library: C:\ti\simplelink_cc2640r2_sdk_1_40_00_45\source\ti\ble5stack\blelib\host\cc26xx_profiles_pxxx.a >>>
<<< Using library: C:\ti\simplelink_cc2640r2_sdk_1_40_00_45\source\ti\ble5stack\blelib\host\cc26xx_smp_pxxx.a >>>
<<< Using library: C:\ti\simplelink_cc2640r2_sdk_1_40_00_45\source\ti\ble5stack\blelib\host\cc26xx_sm_pxxx.a >>>
<<< Not modifying lib_linker.cmd. Stack configurations have not changed. >>>

<<< Using pxxx.symbols >>>
' '
gmake[1]: Nothing to be done for 'main-build'.

**** Build Finished ****

**** Build of configuration FlashROM_StackLibrary for project ble5_simple_peripheral_cc2640r2lp_app ****

"C:\\ti\\ccsv7\\utils\\bin\\gmake" -k -j 4 all -O 
gmake[1]: 'ble5_simple_peripheral_cc2640r2lp_app.out' is up to date.

**** Build Finished ****

**** Build of configuration FlashROM_Library for project ble5_simple_peripheral_cc2640r2lp_stack_library ****

"C:\\ti\\ccsv7\\utils\\bin\\gmake" -k -j 4 all -O 
C:/ti/simplelink_cc2640r2_sdk_1_40_00_45/source/ti/ble5stack/../../../tools/ble5stack/lib_search/lib_search         C:/Users/Shirzad/Documents/Shirzad/Work/PC_BUZZER/FW/SaBLE_x_R2/X1/ble5_simple_peripheral_cc2640r2lp_stack_library/TOOLS/build_config.opt         C:/ti/simplelink_cc2640r2_sdk_1_40_00_45/source/ti/ble5stack/blelib         C:/Users/Shirzad/Documents/Shirzad/Work/PC_BUZZER/FW/SaBLE_x_R2/X1/ble5_simple_peripheral_cc2640r2lp_stack_library/FlashROM_Library/lib_linker.cmd         cc2640         C:/ti/simplelink_cc2640r2_sdk_1_40_00_45/source/ti/ble5stack/../../../tools/ble5stack/lib_search/lib_search.xml         C:/ti/simplelink_cc2640r2_sdk_1_40_00_45/source/ti/ble5stack/symbols
<<< Using library: C:\ti\simplelink_cc2640r2_sdk_1_40_00_45\source\ti\ble5stack\blelib\ctrl\cc2640_hci_pxxx.a >>>
<<< Using library: C:\ti\simplelink_cc2640r2_sdk_1_40_00_45\source\ti\ble5stack\blelib\ctrl\cc2640_ll_pxxx.a >>>
<<< Using library: C:\ti\simplelink_cc2640r2_sdk_1_40_00_45\source\ti\ble5stack\blelib\hci_tl\cc26xx_hci_tl_none.a >>>
<<< Using library: C:\ti\simplelink_cc2640r2_sdk_1_40_00_45\source\ti\ble5stack\blelib\host\cc26xx_att_pxxx.a >>>
<<< Using library: C:\ti\simplelink_cc2640r2_sdk_1_40_00_45\source\ti\ble5stack\blelib\host\cc26xx_gap_pxxx.a >>>
<<< Using library: C:\ti\simplelink_cc2640r2_sdk_1_40_00_45\source\ti\ble5stack\blelib\host\cc26xx_gatt_pxxx.a >>>
<<< Using library: C:\ti\simplelink_cc2640r2_sdk_1_40_00_45\source\ti\ble5stack\blelib\host\cc26xx_l2cap_pxxx.a >>>
<<< Using library: C:\ti\simplelink_cc2640r2_sdk_1_40_00_45\source\ti\ble5stack\blelib\host\cc26xx_profiles_pxxx.a >>>
<<< Using library: C:\ti\simplelink_cc2640r2_sdk_1_40_00_45\source\ti\ble5stack\blelib\host\cc26xx_smp_pxxx.a >>>
<<< Using library: C:\ti\simplelink_cc2640r2_sdk_1_40_00_45\source\ti\ble5stack\blelib\host\cc26xx_sm_pxxx.a >>>
<<< Not modifying lib_linker.cmd. Stack configurations have not changed. >>>

<<< Using pxxx.symbols >>>
' '
gmake[1]: Nothing to be done for 'main-build'.

**** Build Finished ****

**** Build of configuration FlashROM_Library for project ble5_simple_peripheral_cc2640r2lp_stack_library ****

"C:\\ti\\ccsv7\\utils\\bin\\gmake" -k -j 4 all -O 
C:/ti/simplelink_cc2640r2_sdk_1_40_00_45/source/ti/ble5stack/../../../tools/ble5stack/lib_search/lib_search         C:/Users/Shirzad/Documents/Shirzad/Work/PC_BUZZER/FW/SaBLE_x_R2/X1/ble5_simple_peripheral_cc2640r2lp_stack_library/TOOLS/build_config.opt         C:/ti/simplelink_cc2640r2_sdk_1_40_00_45/source/ti/ble5stack/blelib         C:/Users/Shirzad/Documents/Shirzad/Work/PC_BUZZER/FW/SaBLE_x_R2/X1/ble5_simple_peripheral_cc2640r2lp_stack_library/FlashROM_Library/lib_linker.cmd         cc2640         C:/ti/simplelink_cc2640r2_sdk_1_40_00_45/source/ti/ble5stack/../../../tools/ble5stack/lib_search/lib_search.xml         C:/ti/simplelink_cc2640r2_sdk_1_40_00_45/source/ti/ble5stack/symbols
<<< Using library: C:\ti\simplelink_cc2640r2_sdk_1_40_00_45\source\ti\ble5stack\blelib\ctrl\cc2640_hci_pxxx.a >>>
<<< Using library: C:\ti\simplelink_cc2640r2_sdk_1_40_00_45\source\ti\ble5stack\blelib\ctrl\cc2640_ll_pxxx.a >>>
<<< Using library: C:\ti\simplelink_cc2640r2_sdk_1_40_00_45\source\ti\ble5stack\blelib\hci_tl\cc26xx_hci_tl_none.a >>>
<<< Using library: C:\ti\simplelink_cc2640r2_sdk_1_40_00_45\source\ti\ble5stack\blelib\host\cc26xx_att_pxxx.a >>>
<<< Using library: C:\ti\simplelink_cc2640r2_sdk_1_40_00_45\source\ti\ble5stack\blelib\host\cc26xx_gap_pxxx.a >>>
<<< Using library: C:\ti\simplelink_cc2640r2_sdk_1_40_00_45\source\ti\ble5stack\blelib\host\cc26xx_gatt_pxxx.a >>>
<<< Using library: C:\ti\simplelink_cc2640r2_sdk_1_40_00_45\source\ti\ble5stack\blelib\host\cc26xx_l2cap_pxxx.a >>>
<<< Using library: C:\ti\simplelink_cc2640r2_sdk_1_40_00_45\source\ti\ble5stack\blelib\host\cc26xx_profiles_pxxx.a >>>
<<< Using library: C:\ti\simplelink_cc2640r2_sdk_1_40_00_45\source\ti\ble5stack\blelib\host\cc26xx_smp_pxxx.a >>>
<<< Using library: C:\ti\simplelink_cc2640r2_sdk_1_40_00_45\source\ti\ble5stack\blelib\host\cc26xx_sm_pxxx.a >>>
<<< Not modifying lib_linker.cmd. Stack configurations have not changed. >>>

<<< Using pxxx.symbols >>>
' '
gmake[1]: Nothing to be done for 'main-build'.

**** Build Finished ****

**** Build of configuration FlashROM_StackLibrary for project ble5_simple_peripheral_cc2640r2lp_app ****

"C:\\ti\\ccsv7\\utils\\bin\\gmake" -k -j 4 all -O 
gmake[1]: 'ble5_simple_peripheral_cc2640r2lp_app.out' is up to date.

**** Build Finished ****
